TN:
SF:C:\Users\sufya\Documents\Repository\Portfolio\Portfolio\Portfolio\src\polyfills.ts
FNF:0
FNH:0
LF:0
LH:0
BRF:0
BRH:0
end_of_record
TN:
SF:C:\Users\sufya\Documents\Repository\Portfolio\Portfolio\Portfolio\src\test.ts
FNF:0
FNH:0
DA:13,1
DA:18,1
DA:20,1
LF:3
LH:3
BRF:0
BRH:0
end_of_record
TN:
SF:C:\Users\sufya\Documents\Repository\Portfolio\Portfolio\Portfolio\src\app\app-routing.module.ts
FN:24,(anonymous_1)
FNF:1
FNH:1
FNDA:9,(anonymous_1)
DA:10,1
DA:24,1
LF:2
LH:2
BRF:0
BRH:0
end_of_record
TN:
SF:C:\Users\sufya\Documents\Repository\Portfolio\Portfolio\Portfolio\src\app\app.component.ts
FN:22,(anonymous_2)
FN:45,AppComponent
FN:49,(anonymous_4)
FN:57,(anonymous_5)
FN:61,(anonymous_6)
FN:65,(anonymous_7)
FN:69,(anonymous_8)
FN:73,(anonymous_9)
FN:77,(anonymous_10)
FN:81,(anonymous_11)
FN:85,(anonymous_12)
FN:89,(anonymous_13)
FN:93,(anonymous_14)
FNF:13
FNH:13
FNDA:1,(anonymous_2)
FNDA:1,AppComponent
FNDA:1,(anonymous_4)
FNDA:1,(anonymous_5)
FNDA:1,(anonymous_6)
FNDA:1,(anonymous_7)
FNDA:1,(anonymous_8)
FNDA:1,(anonymous_9)
FNDA:2,(anonymous_10)
FNDA:2,(anonymous_11)
FNDA:1,(anonymous_12)
FNDA:1,(anonymous_13)
FNDA:1,(anonymous_14)
DA:22,1
DA:45,1
DA:49,1
DA:50,1
DA:51,1
DA:52,1
DA:53,1
DA:54,1
DA:57,1
DA:58,1
DA:61,1
DA:62,1
DA:65,1
DA:66,1
DA:69,1
DA:70,1
DA:73,1
DA:74,1
DA:77,1
DA:78,2
DA:81,1
DA:82,2
DA:85,1
DA:86,1
DA:89,1
DA:90,1
DA:93,1
DA:94,1
DA:96,1
LF:29
LH:29
BRF:0
BRH:0
end_of_record
TN:
SF:C:\Users\sufya\Documents\Repository\Portfolio\Portfolio\Portfolio\src\app\animations\animation.ts
FNF:0
FNH:0
DA:3,1
DA:9,1
DA:14,1
DA:19,1
DA:27,1
DA:35,1
DA:40,1
DA:45,1
DA:50,1
DA:55,1
DA:65,1
DA:77,1
DA:89,1
LF:13
LH:13
BRF:0
BRH:0
end_of_record
TN:
SF:C:\Users\sufya\Documents\Repository\Portfolio\Portfolio\Portfolio\src\app\components\contact\contact.component.ts
FN:22,(anonymous_2)
FN:44,ContactComponent
FN:51,(anonymous_4)
FN:58,(anonymous_5)
FN:71,(anonymous_6)
FN:82,(anonymous_7)
FN:90,(anonymous_8)
FN:99,(anonymous_9)
FN:109,(anonymous_10)
FN:113,(anonymous_11)
FNF:10
FNH:9
FNDA:1,(anonymous_2)
FNDA:2,ContactComponent
FNDA:2,(anonymous_4)
FNDA:2,(anonymous_5)
FNDA:1,(anonymous_6)
FNDA:2,(anonymous_7)
FNDA:0,(anonymous_8)
FNDA:2,(anonymous_9)
FNDA:5,(anonymous_10)
FNDA:2,(anonymous_11)
DA:22,1
DA:40,2
DA:45,2
DA:46,2
DA:47,2
DA:48,2
DA:51,1
DA:52,2
DA:53,2
DA:54,2
DA:55,2
DA:58,1
DA:59,2
DA:60,2
DA:61,2
DA:62,2
DA:63,2
DA:64,2
DA:65,2
DA:66,2
DA:67,2
DA:68,2
DA:71,1
DA:72,1
DA:79,1
DA:82,2
DA:83,2
DA:84,2
DA:85,2
DA:86,0
DA:87,0
DA:88,0
DA:91,0
DA:92,0
DA:95,2
DA:96,2
DA:99,1
DA:100,2
DA:101,2
DA:102,2
DA:103,2
DA:104,2
DA:105,2
DA:106,2
DA:109,1
DA:110,5
DA:113,1
DA:114,2
DA:115,2
DA:117,1
LF:50
LH:45
BRDA:85,0,0,0
BRDA:85,0,1,2
BRF:2
BRH:1
end_of_record
TN:
SF:C:\Users\sufya\Documents\Repository\Portfolio\Portfolio\Portfolio\src\app\components\free\free.component.ts
FN:16,(anonymous_2)
FN:21,FreeComponent
FN:23,(anonymous_4)
FNF:3
FNH:3
FNDA:1,(anonymous_2)
FNDA:1,FreeComponent
FNDA:1,(anonymous_4)
DA:16,1
DA:23,1
DA:24,1
DA:25,1
DA:28,1
LF:5
LH:5
BRF:0
BRH:0
end_of_record
TN:
SF:C:\Users\sufya\Documents\Repository\Portfolio\Portfolio\Portfolio\src\app\components\home\home.component.ts
FN:15,(anonymous_2)
FN:19,HomeComponent
FN:21,(anonymous_4)
FNF:3
FNH:3
FNDA:1,(anonymous_2)
FNDA:1,HomeComponent
FNDA:1,(anonymous_4)
DA:15,1
DA:21,1
DA:22,1
DA:25,1
LF:4
LH:4
BRF:0
BRH:0
end_of_record
TN:
SF:C:\Users\sufya\Documents\Repository\Portfolio\Portfolio\Portfolio\src\app\components\projects\projects.component.ts
FN:19,(anonymous_2)
FN:39,ProjectsComponent
FN:41,(anonymous_4)
FN:51,(anonymous_5)
FN:55,(anonymous_6)
FN:59,(anonymous_7)
FN:63,(anonymous_8)
FN:67,(anonymous_9)
FN:71,(anonymous_10)
FN:75,(anonymous_11)
FN:79,(anonymous_12)
FN:83,(anonymous_13)
FN:87,(anonymous_14)
FN:91,(anonymous_15)
FN:95,(anonymous_16)
FN:99,(anonymous_17)
FN:103,(anonymous_18)
FN:107,(anonymous_19)
FNF:18
FNH:18
FNDA:1,(anonymous_2)
FNDA:1,ProjectsComponent
FNDA:1,(anonymous_4)
FNDA:8,(anonymous_5)
FNDA:1,(anonymous_6)
FNDA:1,(anonymous_7)
FNDA:1,(anonymous_8)
FNDA:1,(anonymous_9)
FNDA:1,(anonymous_10)
FNDA:1,(anonymous_11)
FNDA:1,(anonymous_12)
FNDA:1,(anonymous_13)
FNDA:1,(anonymous_14)
FNDA:1,(anonymous_15)
FNDA:1,(anonymous_16)
FNDA:1,(anonymous_17)
FNDA:1,(anonymous_18)
FNDA:1,(anonymous_19)
DA:19,1
DA:39,1
DA:41,1
DA:42,1
DA:43,1
DA:44,1
DA:45,1
DA:46,1
DA:47,1
DA:48,1
DA:51,1
DA:52,8
DA:55,1
DA:56,1
DA:59,1
DA:60,1
DA:63,1
DA:64,1
DA:67,1
DA:68,1
DA:71,1
DA:72,1
DA:75,1
DA:76,1
DA:79,1
DA:80,1
DA:83,1
DA:84,1
DA:87,1
DA:88,1
DA:91,1
DA:92,1
DA:95,1
DA:96,1
DA:99,1
DA:100,1
DA:103,1
DA:104,1
DA:107,1
DA:108,1
DA:111,1
LF:41
LH:41
BRF:0
BRH:0
end_of_record
TN:
SF:C:\Users\sufya\Documents\Repository\Portfolio\Portfolio\Portfolio\src\app\components\skill\skill.component.ts
FN:18,(anonymous_2)
FN:52,SkillComponent
FN:54,(anonymous_4)
FN:86,(anonymous_5)
FN:87,(anonymous_6)
FN:89,(anonymous_7)
FN:93,(anonymous_8)
FN:97,(anonymous_9)
FN:101,(anonymous_10)
FN:105,(anonymous_11)
FN:109,(anonymous_12)
FN:113,(anonymous_13)
FNF:12
FNH:10
FNDA:1,(anonymous_2)
FNDA:1,SkillComponent
FNDA:1,(anonymous_4)
FNDA:0,(anonymous_5)
FNDA:0,(anonymous_6)
FNDA:1,(anonymous_7)
FNDA:1,(anonymous_8)
FNDA:1,(anonymous_9)
FNDA:1,(anonymous_10)
FNDA:1,(anonymous_11)
FNDA:1,(anonymous_12)
FNDA:1,(anonymous_13)
DA:18,1
DA:52,1
DA:54,1
DA:55,1
DA:56,1
DA:57,1
DA:58,1
DA:59,1
DA:60,1
DA:61,1
DA:62,1
DA:63,1
DA:64,1
DA:65,1
DA:66,1
DA:67,1
DA:68,1
DA:69,1
DA:70,1
DA:71,1
DA:73,1
DA:74,1
DA:75,1
DA:76,1
DA:77,1
DA:78,1
DA:79,1
DA:82,1
DA:86,1
DA:87,1
DA:89,1
DA:90,1
DA:93,1
DA:94,1
DA:97,1
DA:98,1
DA:101,1
DA:102,1
DA:105,1
DA:106,1
DA:109,1
DA:110,1
DA:113,1
DA:114,1
DA:116,1
LF:45
LH:45
BRF:0
BRH:0
end_of_record
TN:
SF:C:\Users\sufya\Documents\Repository\Portfolio\Portfolio\Portfolio\src\app\components\work\work.component.ts
FN:16,(anonymous_2)
FN:21,WorkComponent
FN:23,(anonymous_4)
FNF:3
FNH:3
FNDA:1,(anonymous_2)
FNDA:1,WorkComponent
FNDA:1,(anonymous_4)
DA:16,1
DA:23,1
DA:24,1
DA:25,1
DA:28,1
LF:5
LH:5
BRF:0
BRH:0
end_of_record
TN:
SF:C:\Users\sufya\Documents\Repository\Portfolio\Portfolio\Portfolio\src\app\models\email.ts
FN:1,(anonymous_0)
FNF:1
FNH:1
FNDA:4,(anonymous_0)
DA:1,1
DA:7,1
LF:2
LH:2
BRF:0
BRH:0
end_of_record
TN:
SF:C:\Users\sufya\Documents\Repository\Portfolio\Portfolio\Portfolio\src\app\services\animation.service.ts
FN:6,(anonymous_2)
FN:8,AnimationService
FN:10,(anonymous_4)
FN:19,(anonymous_5)
FN:28,(anonymous_6)
FN:37,(anonymous_7)
FN:49,(anonymous_8)
FNF:7
FNH:7
FNDA:1,(anonymous_2)
FNDA:6,AnimationService
FNDA:7,(anonymous_4)
FNDA:5,(anonymous_5)
FNDA:5,(anonymous_6)
FNDA:15,(anonymous_7)
FNDA:14,(anonymous_8)
DA:6,1
DA:10,1
DA:11,7
DA:12,1
DA:14,6
DA:15,6
DA:19,1
DA:20,5
DA:21,1
DA:23,4
DA:24,4
DA:28,1
DA:29,5
DA:30,1
DA:32,4
DA:33,4
DA:37,1
DA:38,15
DA:39,1
DA:41,14
DA:42,1
DA:44,13
DA:45,13
DA:49,1
DA:50,14
DA:51,12
DA:53,2
DA:54,2
DA:57,1
LF:29
LH:29
BRDA:11,0,0,1
BRDA:11,0,1,6
BRDA:14,1,0,6
BRDA:14,1,1,0
BRDA:20,2,0,1
BRDA:20,2,1,4
BRDA:23,3,0,4
BRDA:23,3,1,0
BRDA:29,4,0,1
BRDA:29,4,1,4
BRDA:32,5,0,4
BRDA:32,5,1,0
BRDA:38,6,0,1
BRDA:38,6,1,14
BRDA:41,7,0,1
BRDA:41,7,1,13
BRDA:44,8,0,13
BRDA:44,8,1,0
BRDA:50,9,0,12
BRDA:50,9,1,2
BRDA:53,10,0,2
BRDA:53,10,1,0
BRF:22
BRH:17
end_of_record
TN:
SF:C:\Users\sufya\Documents\Repository\Portfolio\Portfolio\Portfolio\src\app\services\chart.service.ts
FN:6,(anonymous_2)
FN:8,ChartService
FNF:2
FNH:2
FNDA:1,(anonymous_2)
FNDA:2,ChartService
DA:6,1
DA:10,2
DA:13,2
DA:17,2
DA:21,2
DA:25,2
DA:29,2
DA:33,2
DA:37,2
DA:42,2
DA:43,2
DA:44,2
DA:45,2
DA:46,2
DA:47,2
DA:48,2
DA:50,2
DA:59,1
LF:18
LH:18
BRF:0
BRH:0
end_of_record
TN:
SF:C:\Users\sufya\Documents\Repository\Portfolio\Portfolio\Portfolio\src\app\services\email.service.ts
FN:10,(anonymous_2)
FN:14,EmailService
FN:16,(anonymous_4)
FNF:3
FNH:3
FNDA:1,(anonymous_2)
FNDA:1,EmailService
FNDA:1,(anonymous_4)
DA:10,1
DA:12,1
DA:14,1
DA:16,1
DA:17,1
DA:19,1
LF:6
LH:6
BRF:0
BRH:0
end_of_record
TN:
SF:C:\Users\sufya\Documents\Repository\Portfolio\Portfolio\Portfolio\src\app\services\http-interceptor.service.ts
FN:9,(anonymous_1)
FN:6,HttpInterceptorService
FN:15,(anonymous_3)
FN:22,(anonymous_4)
FNF:4
FNH:4
FNDA:1,(anonymous_1)
FNDA:2,HttpInterceptorService
FNDA:2,(anonymous_3)
FNDA:1,(anonymous_4)
DA:9,1
DA:11,2
DA:12,2
DA:13,2
DA:15,1
DA:16,2
DA:22,2
DA:23,1
DA:24,0
DA:26,1
DA:32,1
LF:11
LH:10
BRDA:23,0,0,0
BRDA:23,0,1,1
BRF:2
BRH:1
end_of_record
TN:
SF:C:\Users\sufya\Documents\Repository\Portfolio\Portfolio\Portfolio\src\app\services\logging.service.ts
FN:7,(anonymous_2)
FN:9,LoggingService
FN:15,(anonymous_4)
FNF:3
FNH:3
FNDA:1,(anonymous_2)
FNDA:5,LoggingService
FNDA:11,(anonymous_4)
DA:7,1
DA:15,1
DA:16,11
DA:17,11
DA:18,11
DA:21,1
LF:6
LH:6
BRF:0
BRH:0
end_of_record
TN:
SF:C:\Users\sufya\Documents\Repository\Portfolio\Portfolio\Portfolio\src\app\services\subject.service.ts
FN:7,(anonymous_2)
FN:9,SubjectService
FNF:2
FNH:2
FNDA:1,(anonymous_2)
FNDA:3,SubjectService
DA:7,1
DA:11,3
DA:12,1
LF:3
LH:3
BRF:0
BRH:0
end_of_record
TN:
SF:C:\Users\sufya\Documents\Repository\Portfolio\Portfolio\Portfolio\src\app\services\validation.service.ts
FN:8,(anonymous_2)
FN:12,ValidationService
FN:18,(anonymous_4)
FN:38,(anonymous_5)
FNF:4
FNH:4
FNDA:1,(anonymous_2)
FNDA:4,ValidationService
FNDA:3,(anonymous_4)
FNDA:8,(anonymous_5)
DA:8,1
DA:10,4
DA:12,4
DA:18,1
DA:19,3
DA:21,3
DA:22,2
DA:23,2
DA:25,3
DA:26,1
DA:27,1
DA:29,3
DA:38,1
DA:39,8
DA:40,8
DA:41,8
DA:43,2
DA:44,2
DA:45,2
DA:47,2
DA:48,2
DA:49,2
DA:51,2
DA:52,2
DA:53,2
DA:55,2
DA:56,2
DA:57,2
DA:60,8
DA:62,1
LF:30
LH:30
BRDA:21,0,0,2
BRDA:21,0,1,1
BRDA:21,1,0,3
BRDA:21,1,1,2
BRDA:21,1,2,2
BRDA:21,1,3,2
BRDA:21,1,4,2
BRDA:25,2,0,1
BRDA:25,2,1,2
BRDA:25,3,0,3
BRDA:25,3,1,1
BRDA:25,3,2,1
BRDA:25,3,3,1
BRDA:40,4,0,8
BRDA:40,4,1,0
BRDA:42,5,0,2
BRDA:42,5,1,2
BRDA:42,5,2,2
BRDA:42,5,3,2
BRF:19
BRH:18
end_of_record
TN:
SF:C:\Users\sufya\Documents\Repository\Portfolio\Portfolio\Portfolio\src\environments\environment.ts
FNF:0
FNH:0
DA:5,1
LF:1
LH:1
BRF:0
BRH:0
end_of_record
